<?xml version="1.0" encoding="UTF-8"?>
<testng-results ignored="0" total="1" passed="1" failed="0" skipped="0">
  <reporter-output>
  </reporter-output>
  <suite started-at="2025-06-14T19:53:25 WIB" name="IKEA Suite" finished-at="2025-06-14T19:54:46 WIB" duration-ms="80907">
    <groups>
    </groups>
    <test started-at="2025-06-14T19:53:25 WIB" name="IKEA Tests" finished-at="2025-06-14T19:54:46 WIB" duration-ms="80907">
      <class name="tests.IkeaTest">
        <test-method signature="testSearchAndAddToCart()[pri:0, instance:tests.IkeaTest@2805c96b]" started-at="2025-06-14T19:53:25 WIB" name="testSearchAndAddToCart" finished-at="2025-06-14T19:54:46 WIB" duration-ms="80842" status="PASS">
          <reporter-output>
          </reporter-output>
        </test-method> <!-- testSearchAndAddToCart -->
      </class> <!-- tests.IkeaTest -->
    </test> <!-- IKEA Tests -->
  </suite> <!-- IKEA Suite -->
</testng-results>
