<?xml version="1.0" encoding="UTF-8"?>
<testng-results ignored="0" total="1" passed="1" failed="0" skipped="0">
  <reporter-output>
  </reporter-output>
  <suite started-at="2025-06-18T11:39:50 WIB" name="IKEA Suite" finished-at="2025-06-18T11:41:26 WIB" duration-ms="95664">
    <groups>
    </groups>
    <test started-at="2025-06-18T11:39:50 WIB" name="IKEA Tests" finished-at="2025-06-18T11:41:26 WIB" duration-ms="95664">
      <class name="tests.IkeaTest">
        <test-method signature="testSearchAndAddToCart()[pri:0, instance:tests.IkeaTest@7692d9cc]" started-at="2025-06-18T11:39:50 WIB" name="testSearchAndAddToCart" finished-at="2025-06-18T11:41:26 WIB" duration-ms="95601" status="PASS">
          <reporter-output>
          </reporter-output>
        </test-method> <!-- testSearchAndAddToCart -->
      </class> <!-- tests.IkeaTest -->
    </test> <!-- IKEA Tests -->
  </suite> <!-- IKEA Suite -->
</testng-results>
